<?xml version="1.0" encoding="UTF-8"?>
<testng-results ignored="0" total="0" passed="0" failed="0" skipped="0">
  <reporter-output>
  </reporter-output>
  <suite started-at="2022-05-20T23:56:43 GMT+05:30" name="Default suite" finished-at="2022-05-20T23:56:43 GMT+05:30" duration-ms="24">
    <groups>
    </groups>
    <test started-at="2022-05-20T23:56:43 GMT+05:30" name="Default test" finished-at="2022-05-20T23:56:43 GMT+05:30" duration-ms="24">
    </test> <!-- Default test -->
  </suite> <!-- Default suite -->
</testng-results>
